<?xml version="1.0" encoding="UTF-8"?>
<!-- Generated by org.testng.reporters.JUnitXMLReporter -->
<testsuite hostname="DESKTOP-J71GJ2U" ignored="0" name="Basic Test" tests="1" failures="1" timestamp="25 Feb 2023 16:15:51 GMT" time="8.495" errors="0">
  <testcase name="submitContactForm" time="3.063" classname="test.ContactUsTests">
    <failure type="java.lang.AssertionError" message="The following asserts failed:
	expected value is not right expected [true] but found [false]">
      <![CDATA[java.lang.AssertionError: The following asserts failed:
expected value is not right expected [true] but found [false]
at pages.ContactUsPage.fillOutContactForm(ContactUsPage.java:58)
at test.ContactUsTests.submitContactForm(ContactUsTests.java:29)
... Removed 26 stack frames]]>
    </failure>
  </testcase> <!-- submitContactForm -->
</testsuite> <!-- Basic Test -->
